Build started 2026-10-26 2:26:48 PM.
     1>Project "C:\Users\PC05\Desktop\sheet 6\sheet 6\sheet 6.vcxproj" on node 2 (build target(s)).
     1>InitializeBuildStatus:
         Touching "Debug\sheet 6.unsuccessfulbuild".
       ClCompile:
         C:\Program Files (x86)\Microsoft Visual Studio 10.0\VC\bin\CL.exe /c /ZI /nologo /W3 /WX- /Od /Oy- /D _MBCS /Gm /EHsc /RTC1 /MDd /GS /fp:precise /Zc:wchar_t /Zc:forScope /Fo"Debug\\" /Fd"Debug\vc100.pdb" /Gd /TP /analyze- /errorReport:prompt inheretance.cpp
         inheretance.cpp
     1>c:\users\pc05\desktop\sheet 6\sheet 6\inheretance.cpp(53): fatal error C1075: end of file found before the left brace '{' at 'c:\users\pc05\desktop\sheet 6\sheet 6\inheretance.cpp(4)' was matched
     1>Done Building Project "C:\Users\PC05\Desktop\sheet 6\sheet 6\sheet 6.vcxproj" (build target(s)) -- FAILED.

Build FAILED.

Time Elapsed 00:00:00.35
